<?xml version="1.0" encoding="UTF-8"?>
<!-- Generated by org.testng.reporters.JUnitXMLReporter -->
<testsuite hostname="vpn-pool-10-72-118-177.corp.yahoo.com" name="Sample_Test" tests="1" failures="1" timestamp="27 Aug 2014 02:03:42 GMT" time="6.075" errors="0">
  <testcase name="SearchAssistTest" time="2.312" classname="sampleFramework.SampleTest">
    <failure type="org.openqa.selenium.InvalidElementStateException" message="Element is disabled and so may not be used for actions
Command duration or timeout: 17 milliseconds
Build info: version: &amp;apos;2.41.0&amp;apos;, revision: &amp;apos;3192d8a6c4449dc285928ba024779344f5423c58&amp;apos;, time: &amp;apos;2014-03-27 11:29:39&amp;apos;
System info: host: &amp;apos;vpn-pool-10-72-118-177.corp.yahoo.com&amp;apos;, ip: &amp;apos;192.168.1.135&amp;apos;, os.name: &amp;apos;Mac OS X&amp;apos;, os.arch: &amp;apos;x86_64&amp;apos;, os.version: &amp;apos;10.9.2&amp;apos;, java.version: &amp;apos;1.6.0_65&amp;apos;
Session ID: f683caf8-1358-344f-901b-a06849a829c9
Driver info: org.openqa.selenium.firefox.FirefoxDriver
Capabilities [{platform=MAC, acceptSslCerts=true, javascriptEnabled=true, browserName=firefox, rotatable=false, locationContextEnabled=true, version=31.0, cssSelectorsEnabled=true, databaseEnabled=true, handlesAlerts=true, nativeEvents=false, webStorageEnabled=true, applicationCacheEnabled=true, takesScreenshot=true}]">
      <![CDATA[org.openqa.selenium.InvalidElementStateException: Element is disabled and so may not be used for actions
Command duration or timeout: 17 milliseconds
Build info: version: '2.41.0', revision: '3192d8a6c4449dc285928ba024779344f5423c58', time: '2014-03-27 11:29:39'
System info: host: 'vpn-pool-10-72-118-177.corp.yahoo.com', ip: '192.168.1.135', os.name: 'Mac OS X', os.arch: 'x86_64', os.version: '10.9.2', java.version: '1.6.0_65'
Session ID: f683caf8-1358-344f-901b-a06849a829c9
Driver info: org.openqa.selenium.firefox.FirefoxDriver
Capabilities [{platform=MAC, acceptSslCerts=true, javascriptEnabled=true, browserName=firefox, rotatable=false, locationContextEnabled=true, version=31.0, cssSelectorsEnabled=true, databaseEnabled=true, handlesAlerts=true, nativeEvents=false, webStorageEnabled=true, applicationCacheEnabled=true, takesScreenshot=true}]
	at sun.reflect.NativeConstructorAccessorImpl.newInstance0(Native Method)
	at sun.reflect.NativeConstructorAccessorImpl.newInstance(NativeConstructorAccessorImpl.java:39)
	at sun.reflect.DelegatingConstructorAccessorImpl.newInstance(DelegatingConstructorAccessorImpl.java:27)
	at java.lang.reflect.Constructor.newInstance(Constructor.java:513)
	at org.openqa.selenium.remote.ErrorHandler.createThrowable(ErrorHandler.java:193)
	at org.openqa.selenium.remote.ErrorHandler.throwIfResponseFailed(ErrorHandler.java:145)
	at org.openqa.selenium.remote.RemoteWebDriver.execute(RemoteWebDriver.java:595)
	at org.openqa.selenium.remote.RemoteWebElement.execute(RemoteWebElement.java:268)
	at org.openqa.selenium.remote.RemoteWebElement.sendKeys(RemoteWebElement.java:89)
	at sampleFramework.SampleTest.SearchAssistTest(SampleTest.java:38)
	at sun.reflect.NativeMethodAccessorImpl.invoke0(Native Method)
	at sun.reflect.NativeMethodAccessorImpl.invoke(NativeMethodAccessorImpl.java:39)
	at sun.reflect.DelegatingMethodAccessorImpl.invoke(DelegatingMethodAccessorImpl.java:25)
	at java.lang.reflect.Method.invoke(Method.java:597)
	at org.testng.internal.MethodInvocationHelper.invokeMethod(MethodInvocationHelper.java:84)
	at org.testng.internal.Invoker.invokeMethod(Invoker.java:714)
	at org.testng.internal.Invoker.invokeTestMethod(Invoker.java:901)
	at org.testng.internal.Invoker.invokeTestMethods(Invoker.java:1231)
	at org.testng.internal.TestMethodWorker.invokeTestMethods(TestMethodWorker.java:127)
	at org.testng.internal.TestMethodWorker.run(TestMethodWorker.java:111)
	at java.util.concurrent.ThreadPoolExecutor$Worker.runTask(ThreadPoolExecutor.java:895)
	at java.util.concurrent.ThreadPoolExecutor$Worker.run(ThreadPoolExecutor.java:918)
	at java.lang.Thread.run(Thread.java:695)
Caused by: org.openqa.selenium.remote.ErrorHandler$UnknownServerException: Element is disabled and so may not be used for actions
Build info: version: '2.41.0', revision: '3192d8a6c4449dc285928ba024779344f5423c58', time: '2014-03-27 11:29:39'
System info: host: 'vpn-pool-10-72-118-177.corp.yahoo.com', ip: '192.168.1.135', os.name: 'Mac OS X', os.arch: 'x86_64', os.version: '10.9.2', java.version: '1.6.0_65'
Driver info: driver.version: unknown
	at <anonymous class>.fxdriver.preconditions.enabled(file:///var/folders/6b/cq6xw1290hd81c2mgr8p9q1r002ccq/T/anonymous6582099391867352397webdriver-profile/extensions/fxdriver@googlecode.com/components/command_processor.js:8231:5)
	at <anonymous class>.DelayedCommand.prototype.checkPreconditions_(file:///var/folders/6b/cq6xw1290hd81c2mgr8p9q1r002ccq/T/anonymous6582099391867352397webdriver-profile/extensions/fxdriver@googlecode.com/components/command_processor.js:10867:1)
	at <anonymous class>.DelayedCommand.prototype.executeInternal_/h(file:///var/folders/6b/cq6xw1290hd81c2mgr8p9q1r002ccq/T/anonymous6582099391867352397webdriver-profile/extensions/fxdriver@googlecode.com/components/command_processor.js:10884:11)
	at <anonymous class>.DelayedCommand.prototype.executeInternal_(file:///var/folders/6b/cq6xw1290hd81c2mgr8p9q1r002ccq/T/anonymous6582099391867352397webdriver-profile/extensions/fxdriver@googlecode.com/components/command_processor.js:10889:7)
	at <anonymous class>.DelayedCommand.prototype.execute/<(file:///var/folders/6b/cq6xw1290hd81c2mgr8p9q1r002ccq/T/anonymous6582099391867352397webdriver-profile/extensions/fxdriver@googlecode.com/components/command_processor.js:10831:5)
]]>
    </failure>
  </testcase> <!-- SearchAssistTest -->
</testsuite> <!-- Sample_Test -->
